<?xml version="1.0" encoding="UTF-8"?>
<!-- Generated by org.testng.reporters.JUnitReportReporter -->
<testsuite skipped="0" hostname="LAPTOP-0AOM9FTS" name="com.inetbanking.testCases.TC_LoginTest_001" tests="1" failures="0" timestamp="2021-07-28T13:05:15 EDT" time="0.771" errors="0">
  <testcase name="loginTest" time="0.771" classname="com.inetbanking.testCases.TC_LoginTest_001"/>
  <system-out/>
</testsuite> <!-- com.inetbanking.testCases.TC_LoginTest_001 -->
